<?xml version="1.0" encoding="UTF-8"?>
<!-- Generated by org.testng.reporters.JUnitReportReporter -->
<testsuite skipped="0" hostname="Talgats-MacBook-Pro.local" name="com.espoCRM.runners.CukesRunner" tests="2" failures="0" timestamp="08 Apr 2018 00:25:43 GMT" time="2.793" errors="0">
  <testcase name="runScenario" time="0.557" classname="com.espoCRM.runners.CukesRunner"/>
  <testcase name="runScenario" time="2.236" classname="com.espoCRM.runners.CukesRunner"/>
</testsuite> <!-- com.espoCRM.runners.CukesRunner -->
