<?xml version="1.0" encoding="UTF-8"?>
<!-- Generated by org.testng.reporters.JUnitReportReporter -->
<testsuite skipped="0" hostname="Zhyrgals-MacBook-Pro.local" name="com.espoCRM.runners.CukesRunner" tests="2" failures="0" timestamp="09 Apr 2018 23:30:25 GMT" time="43.564" errors="0">
  <testcase name="runScenario" time="25.120" classname="com.espoCRM.runners.CukesRunner"/>
  <testcase name="runScenario" time="18.444" classname="com.espoCRM.runners.CukesRunner"/>
</testsuite> <!-- com.espoCRM.runners.CukesRunner -->
