<?xml version="1.0" encoding="UTF-8"?>
<!-- Generated by org.testng.reporters.JUnitReportReporter -->
<testsuite skipped="0" hostname="Talgats-MacBook-Pro.local" name="runners.CukesRunner" tests="2" failures="0" timestamp="08 Apr 2018 00:20:22 GMT" time="4.149" errors="0">
  <testcase name="runScenario" time="3.623" classname="runners.CukesRunner"/>
  <testcase name="runScenario" time="0.526" classname="runners.CukesRunner"/>
</testsuite> <!-- runners.CukesRunner -->
