<?xml version="1.0" encoding="UTF-8"?>
<!-- Generated by org.testng.reporters.JUnitReportReporter -->
<testsuite skipped="0" hostname="NURGIZAs-MacBook-Pro.local" name="com.espoCRM.runners.SmokeTestRunner" tests="4" failures="0" timestamp="09 Apr 2018 23:57:12 GMT" time="50.209" errors="0">
  <testcase name="runScenario" time="6.309" classname="com.espoCRM.runners.SmokeTestRunner"/>
  <testcase name="runScenario" time="32.056" classname="com.espoCRM.runners.SmokeTestRunner"/>
  <testcase name="runScenario" time="6.439" classname="com.espoCRM.runners.SmokeTestRunner"/>
  <testcase name="runScenario" time="5.405" classname="com.espoCRM.runners.SmokeTestRunner"/>
</testsuite> <!-- com.espoCRM.runners.SmokeTestRunner -->
